--- Copying files at Mon Aug 20 12:11:36 UTC 2018
/usr/share/jenkins/ref/init.groovy.d/tcp-slave-agent-port.groovy
 /usr/share/jenkins/ref/init.groovy.d/tcp-slave-agent-port.groovy -> init.groovy.d/tcp-slave-agent-port.groovy
copy init.groovy.d/tcp-slave-agent-port.groovy to JENKINS_HOME
--- Copying files at Mon Aug 20 12:14:32 UTC 2018
/usr/share/jenkins/ref/init.groovy.d/tcp-slave-agent-port.groovy
 /usr/share/jenkins/ref/init.groovy.d/tcp-slave-agent-port.groovy -> init.groovy.d/tcp-slave-agent-port.groovy
--- Copying files at Mon Aug 20 12:16:10 UTC 2018
/usr/share/jenkins/ref/init.groovy.d/tcp-slave-agent-port.groovy
 /usr/share/jenkins/ref/init.groovy.d/tcp-slave-agent-port.groovy -> init.groovy.d/tcp-slave-agent-port.groovy
--- Copying files at Mon Aug 20 12:30:28 UTC 2018
/usr/share/jenkins/ref/init.groovy.d/tcp-slave-agent-port.groovy
 /usr/share/jenkins/ref/init.groovy.d/tcp-slave-agent-port.groovy -> init.groovy.d/tcp-slave-agent-port.groovy
--- Copying files at Mon Aug 20 12:49:23 UTC 2018
/usr/share/jenkins/ref/init.groovy.d/tcp-slave-agent-port.groovy
 /usr/share/jenkins/ref/init.groovy.d/tcp-slave-agent-port.groovy -> init.groovy.d/tcp-slave-agent-port.groovy
--- Copying files at Mon Aug 20 14:20:16 UTC 2018
/usr/share/jenkins/ref/init.groovy.d/tcp-slave-agent-port.groovy
 /usr/share/jenkins/ref/init.groovy.d/tcp-slave-agent-port.groovy -> init.groovy.d/tcp-slave-agent-port.groovy
--- Copying files at Mon Aug 20 14:27:53 UTC 2018
/usr/share/jenkins/ref/init.groovy.d/tcp-slave-agent-port.groovy
 /usr/share/jenkins/ref/init.groovy.d/tcp-slave-agent-port.groovy -> init.groovy.d/tcp-slave-agent-port.groovy
--- Copying files at Mon Aug 20 15:52:28 UTC 2018
/usr/share/jenkins/ref/init.groovy.d/tcp-slave-agent-port.groovy
 /usr/share/jenkins/ref/init.groovy.d/tcp-slave-agent-port.groovy -> init.groovy.d/tcp-slave-agent-port.groovy
--- Copying files at Mon Sep  3 11:35:23 UTC 2018
/usr/share/jenkins/ref/init.groovy.d/tcp-slave-agent-port.groovy
 /usr/share/jenkins/ref/init.groovy.d/tcp-slave-agent-port.groovy -> init.groovy.d/tcp-slave-agent-port.groovy
--- Copying files at Mon Sep  3 11:49:28 UTC 2018
/usr/share/jenkins/ref/init.groovy.d/tcp-slave-agent-port.groovy
 /usr/share/jenkins/ref/init.groovy.d/tcp-slave-agent-port.groovy -> init.groovy.d/tcp-slave-agent-port.groovy
--- Copying files at Mon Sep  3 13:09:10 UTC 2018
/usr/share/jenkins/ref/init.groovy.d/tcp-slave-agent-port.groovy
 /usr/share/jenkins/ref/init.groovy.d/tcp-slave-agent-port.groovy -> init.groovy.d/tcp-slave-agent-port.groovy
--- Copying files at Mon Sep  3 14:22:15 UTC 2018
/usr/share/jenkins/ref/init.groovy.d/tcp-slave-agent-port.groovy
 /usr/share/jenkins/ref/init.groovy.d/tcp-slave-agent-port.groovy -> init.groovy.d/tcp-slave-agent-port.groovy
--- Copying files at Fri Sep 21 15:58:07 UTC 2018
/usr/share/jenkins/ref/init.groovy.d/tcp-slave-agent-port.groovy
 /usr/share/jenkins/ref/init.groovy.d/tcp-slave-agent-port.groovy -> init.groovy.d/tcp-slave-agent-port.groovy
--- Copying files at Sat Sep 22 20:12:06 UTC 2018
/usr/share/jenkins/ref/init.groovy.d/tcp-slave-agent-port.groovy
 /usr/share/jenkins/ref/init.groovy.d/tcp-slave-agent-port.groovy -> init.groovy.d/tcp-slave-agent-port.groovy
--- Copying files at Tue Nov 13 12:13:14 UTC 2018
/usr/share/jenkins/ref/init.groovy.d/tcp-slave-agent-port.groovy
 /usr/share/jenkins/ref/init.groovy.d/tcp-slave-agent-port.groovy -> init.groovy.d/tcp-slave-agent-port.groovy
